[2m2023-05-31 08:41:12.237[0;39m [31mERROR[0;39m [35m6420[0;39m [2m---[0;39m [2m[nio-8081-exec-1][0;39m [36mcom.jie.webSocket.TicketWebSocket       [0;39m [2m:[0;39m 用户错误,原因:sleep interrupted
[2m2023-05-31 08:42:47.541[0;39m [31mERROR[0;39m [35m8760[0;39m [2m---[0;39m [2m[nio-8081-exec-4][0;39m [36mcom.jie.webSocket.TicketWebSocket       [0;39m [2m:[0;39m 用户错误,原因:sleep interrupted
[2m2023-05-31 11:11:10.610[0;39m [31mERROR[0;39m [35m8496[0;39m [2m---[0;39m [2m[           main][0;39m [36mo.s.b.d.LoggingFailureAnalysisReporter  [0;39m [2m:[0;39m 

***************************
APPLICATION FAILED TO START
***************************

Description:

A component required a bean of type 'com.jie.service.Impl.RabbitService' that could not be found.


Action:

Consider defining a bean of type 'com.jie.service.Impl.RabbitService' in your configuration.

[2m2023-05-31 11:11:21.239[0;39m [31mERROR[0;39m [35m14596[0;39m [2m---[0;39m [2m[           main][0;39m [36mo.s.b.d.LoggingFailureAnalysisReporter  [0;39m [2m:[0;39m 

***************************
APPLICATION FAILED TO START
***************************

Description:

A component required a bean of type 'com.jie.service.Impl.RabbitService' that could not be found.


Action:

Consider defining a bean of type 'com.jie.service.Impl.RabbitService' in your configuration.

[2m2023-05-31 11:12:33.040[0;39m [31mERROR[0;39m [35m13012[0;39m [2m---[0;39m [2m[nio-8081-exec-2][0;39m [36mo.a.c.c.C.[.[.[/].[dispatcherServlet]   [0;39m [2m:[0;39m Servlet.service() for servlet [dispatcherServlet] in context with path [] threw exception [Request processing failed; nested exception is org.springframework.amqp.support.converter.MessageConversionException: failed to convert to serialized Message content] with root cause

java.io.NotSerializableException: com.jie.pojo.Order
	at java.base/java.io.ObjectOutputStream.writeObject0(ObjectOutputStream.java:1185)
	at java.base/java.io.ObjectOutputStream.writeObject(ObjectOutputStream.java:349)
	at java.base/java.util.HashMap.internalWriteEntries(HashMap.java:1857)
	at java.base/java.util.HashMap.writeObject(HashMap.java:1412)
	at java.base/jdk.internal.reflect.NativeMethodAccessorImpl.invoke0(Native Method)
	at java.base/jdk.internal.reflect.NativeMethodAccessorImpl.invoke(NativeMethodAccessorImpl.java:62)
	at java.base/jdk.internal.reflect.DelegatingMethodAccessorImpl.invoke(DelegatingMethodAccessorImpl.java:43)
	at java.base/java.lang.reflect.Method.invoke(Method.java:566)
	at java.base/java.io.ObjectStreamClass.invokeWriteObject(ObjectStreamClass.java:1145)
	at java.base/java.io.ObjectOutputStream.writeSerialData(ObjectOutputStream.java:1497)
	at java.base/java.io.ObjectOutputStream.writeOrdinaryObject(ObjectOutputStream.java:1433)
	at java.base/java.io.ObjectOutputStream.writeObject0(ObjectOutputStream.java:1179)
	at java.base/java.io.ObjectOutputStream.writeObject(ObjectOutputStream.java:349)
	at org.springframework.amqp.utils.SerializationUtils.serialize(SerializationUtils.java:56)
	at org.springframework.amqp.support.converter.SimpleMessageConverter.createMessage(SimpleMessageConverter.java:151)
	at org.springframework.amqp.support.converter.AbstractMessageConverter.createMessage(AbstractMessageConverter.java:88)
	at org.springframework.amqp.support.converter.AbstractMessageConverter.toMessage(AbstractMessageConverter.java:70)
	at org.springframework.amqp.support.converter.AbstractMessageConverter.toMessage(AbstractMessageConverter.java:58)
	at org.springframework.amqp.rabbit.core.RabbitTemplate.convertMessageIfNecessary(RabbitTemplate.java:1831)
	at org.springframework.amqp.rabbit.core.RabbitTemplate.convertAndSend(RabbitTemplate.java:1137)
	at org.springframework.amqp.rabbit.core.RabbitTemplate.convertAndSend(RabbitTemplate.java:1130)
	at com.jie.service.Impl.RabbitService.sendDirectMessageTicket(RabbitService.java:27)
	at com.jie.service.Impl.OrderServiceImpl.addOrderAndDelTemporary(OrderServiceImpl.java:93)
	at com.jie.service.Impl.OrderServiceImpl$$FastClassBySpringCGLIB$$1cae23c7.invoke(<generated>)
	at org.springframework.cglib.proxy.MethodProxy.invoke(MethodProxy.java:218)
	at org.springframework.aop.framework.CglibAopProxy$CglibMethodInvocation.invokeJoinpoint(CglibAopProxy.java:793)
	at org.springframework.aop.framework.ReflectiveMethodInvocation.proceed(ReflectiveMethodInvocation.java:163)
	at org.springframework.aop.framework.CglibAopProxy$CglibMethodInvocation.proceed(CglibAopProxy.java:763)
	at org.springframework.transaction.interceptor.TransactionInterceptor$1.proceedWithInvocation(TransactionInterceptor.java:123)
	at org.springframework.transaction.interceptor.TransactionAspectSupport.invokeWithinTransaction(TransactionAspectSupport.java:388)
	at org.springframework.transaction.interceptor.TransactionInterceptor.invoke(TransactionInterceptor.java:119)
	at org.springframework.aop.framework.ReflectiveMethodInvocation.proceed(ReflectiveMethodInvocation.java:186)
	at org.springframework.aop.framework.CglibAopProxy$CglibMethodInvocation.proceed(CglibAopProxy.java:763)
	at org.springframework.aop.framework.CglibAopProxy$DynamicAdvisedInterceptor.intercept(CglibAopProxy.java:708)
	at com.jie.service.Impl.OrderServiceImpl$$EnhancerBySpringCGLIB$$ce8fbdde.addOrderAndDelTemporary(<generated>)
	at com.jie.controller.OrderController.addOrderAndDelTemporary(OrderController.java:38)
	at java.base/jdk.internal.reflect.NativeMethodAccessorImpl.invoke0(Native Method)
	at java.base/jdk.internal.reflect.NativeMethodAccessorImpl.invoke(NativeMethodAccessorImpl.java:62)
	at java.base/jdk.internal.reflect.DelegatingMethodAccessorImpl.invoke(DelegatingMethodAccessorImpl.java:43)
	at java.base/java.lang.reflect.Method.invoke(Method.java:566)
	at org.springframework.web.method.support.InvocableHandlerMethod.doInvoke(InvocableHandlerMethod.java:205)
	at org.springframework.web.method.support.InvocableHandlerMethod.invokeForRequest(InvocableHandlerMethod.java:150)
	at org.springframework.web.servlet.mvc.method.annotation.ServletInvocableHandlerMethod.invokeAndHandle(ServletInvocableHandlerMethod.java:117)
	at org.springframework.web.servlet.mvc.method.annotation.RequestMappingHandlerAdapter.invokeHandlerMethod(RequestMappingHandlerAdapter.java:895)
	at org.springframework.web.servlet.mvc.method.annotation.RequestMappingHandlerAdapter.handleInternal(RequestMappingHandlerAdapter.java:808)
	at org.springframework.web.servlet.mvc.method.AbstractHandlerMethodAdapter.handle(AbstractHandlerMethodAdapter.java:87)
	at org.springframework.web.servlet.DispatcherServlet.doDispatch(DispatcherServlet.java:1071)
	at org.springframework.web.servlet.DispatcherServlet.doService(DispatcherServlet.java:964)
	at org.springframework.web.servlet.FrameworkServlet.processRequest(FrameworkServlet.java:1006)
	at org.springframework.web.servlet.FrameworkServlet.doGet(FrameworkServlet.java:898)
	at javax.servlet.http.HttpServlet.service(HttpServlet.java:670)
	at org.springframework.web.servlet.FrameworkServlet.service(FrameworkServlet.java:883)
	at javax.servlet.http.HttpServlet.service(HttpServlet.java:779)
	at org.apache.catalina.core.ApplicationFilterChain.internalDoFilter(ApplicationFilterChain.java:227)
	at org.apache.catalina.core.ApplicationFilterChain.doFilter(ApplicationFilterChain.java:162)
	at org.apache.tomcat.websocket.server.WsFilter.doFilter(WsFilter.java:53)
	at org.apache.catalina.core.ApplicationFilterChain.internalDoFilter(ApplicationFilterChain.java:189)
	at org.apache.catalina.core.ApplicationFilterChain.doFilter(ApplicationFilterChain.java:162)
	at org.springframework.web.filter.RequestContextFilter.doFilterInternal(RequestContextFilter.java:100)
	at org.springframework.web.filter.OncePerRequestFilter.doFilter(OncePerRequestFilter.java:117)
	at org.apache.catalina.core.ApplicationFilterChain.internalDoFilter(ApplicationFilterChain.java:189)
	at org.apache.catalina.core.ApplicationFilterChain.doFilter(ApplicationFilterChain.java:162)
	at org.springframework.web.filter.FormContentFilter.doFilterInternal(FormContentFilter.java:93)
	at org.springframework.web.filter.OncePerRequestFilter.doFilter(OncePerRequestFilter.java:117)
	at org.apache.catalina.core.ApplicationFilterChain.internalDoFilter(ApplicationFilterChain.java:189)
	at org.apache.catalina.core.ApplicationFilterChain.doFilter(ApplicationFilterChain.java:162)
	at org.springframework.web.filter.CharacterEncodingFilter.doFilterInternal(CharacterEncodingFilter.java:201)
	at org.springframework.web.filter.OncePerRequestFilter.doFilter(OncePerRequestFilter.java:117)
	at org.apache.catalina.core.ApplicationFilterChain.internalDoFilter(ApplicationFilterChain.java:189)
	at org.apache.catalina.core.ApplicationFilterChain.doFilter(ApplicationFilterChain.java:162)
	at org.apache.catalina.core.StandardWrapperValve.invoke(StandardWrapperValve.java:197)
	at org.apache.catalina.core.StandardContextValve.invoke(StandardContextValve.java:97)
	at org.apache.catalina.authenticator.AuthenticatorBase.invoke(AuthenticatorBase.java:541)
	at org.apache.catalina.core.StandardHostValve.invoke(StandardHostValve.java:135)
	at org.apache.catalina.valves.ErrorReportValve.invoke(ErrorReportValve.java:92)
	at org.apache.catalina.core.StandardEngineValve.invoke(StandardEngineValve.java:78)
	at org.apache.catalina.connector.CoyoteAdapter.service(CoyoteAdapter.java:360)
	at org.apache.coyote.http11.Http11Processor.service(Http11Processor.java:399)
	at org.apache.coyote.AbstractProcessorLight.process(AbstractProcessorLight.java:65)
	at org.apache.coyote.AbstractProtocol$ConnectionHandler.process(AbstractProtocol.java:893)
	at org.apache.tomcat.util.net.NioEndpoint$SocketProcessor.doRun(NioEndpoint.java:1789)
	at org.apache.tomcat.util.net.SocketProcessorBase.run(SocketProcessorBase.java:49)
	at org.apache.tomcat.util.threads.ThreadPoolExecutor.runWorker(ThreadPoolExecutor.java:1191)
	at org.apache.tomcat.util.threads.ThreadPoolExecutor$Worker.run(ThreadPoolExecutor.java:659)
	at org.apache.tomcat.util.threads.TaskThread$WrappingRunnable.run(TaskThread.java:61)
	at java.base/java.lang.Thread.run(Thread.java:834)

[2m2023-05-31 11:14:49.787[0;39m [31mERROR[0;39m [35m3008[0;39m [2m---[0;39m [2m[nio-8081-exec-9][0;39m [36mo.a.c.c.C.[.[.[/].[dispatcherServlet]   [0;39m [2m:[0;39m Servlet.service() for servlet [dispatcherServlet] in context with path [] threw exception [Request processing failed; nested exception is org.springframework.amqp.support.converter.MessageConversionException: failed to convert to serialized Message content] with root cause

java.io.NotSerializableException: com.jie.pojo.Order
	at java.base/java.io.ObjectOutputStream.writeObject0(ObjectOutputStream.java:1185)
	at java.base/java.io.ObjectOutputStream.writeObject(ObjectOutputStream.java:349)
	at java.base/java.util.HashMap.internalWriteEntries(HashMap.java:1857)
	at java.base/java.util.HashMap.writeObject(HashMap.java:1412)
	at java.base/jdk.internal.reflect.NativeMethodAccessorImpl.invoke0(Native Method)
	at java.base/jdk.internal.reflect.NativeMethodAccessorImpl.invoke(NativeMethodAccessorImpl.java:62)
	at java.base/jdk.internal.reflect.DelegatingMethodAccessorImpl.invoke(DelegatingMethodAccessorImpl.java:43)
	at java.base/java.lang.reflect.Method.invoke(Method.java:566)
	at java.base/java.io.ObjectStreamClass.invokeWriteObject(ObjectStreamClass.java:1145)
	at java.base/java.io.ObjectOutputStream.writeSerialData(ObjectOutputStream.java:1497)
	at java.base/java.io.ObjectOutputStream.writeOrdinaryObject(ObjectOutputStream.java:1433)
	at java.base/java.io.ObjectOutputStream.writeObject0(ObjectOutputStream.java:1179)
	at java.base/java.io.ObjectOutputStream.writeObject(ObjectOutputStream.java:349)
	at org.springframework.amqp.utils.SerializationUtils.serialize(SerializationUtils.java:56)
	at org.springframework.amqp.support.converter.SimpleMessageConverter.createMessage(SimpleMessageConverter.java:151)
	at org.springframework.amqp.support.converter.AbstractMessageConverter.createMessage(AbstractMessageConverter.java:88)
	at org.springframework.amqp.support.converter.AbstractMessageConverter.toMessage(AbstractMessageConverter.java:70)
	at org.springframework.amqp.support.converter.AbstractMessageConverter.toMessage(AbstractMessageConverter.java:58)
	at org.springframework.amqp.rabbit.core.RabbitTemplate.convertMessageIfNecessary(RabbitTemplate.java:1831)
	at org.springframework.amqp.rabbit.core.RabbitTemplate.convertAndSend(RabbitTemplate.java:1137)
	at org.springframework.amqp.rabbit.core.RabbitTemplate.convertAndSend(RabbitTemplate.java:1130)
	at com.jie.service.Impl.RabbitService.sendDirectMessageTicket(RabbitService.java:27)
	at com.jie.service.Impl.OrderServiceImpl.addOrderAndDelTemporary(OrderServiceImpl.java:93)
	at com.jie.service.Impl.OrderServiceImpl$$FastClassBySpringCGLIB$$1cae23c7.invoke(<generated>)
	at org.springframework.cglib.proxy.MethodProxy.invoke(MethodProxy.java:218)
	at org.springframework.aop.framework.CglibAopProxy$CglibMethodInvocation.invokeJoinpoint(CglibAopProxy.java:793)
	at org.springframework.aop.framework.ReflectiveMethodInvocation.proceed(ReflectiveMethodInvocation.java:163)
	at org.springframework.aop.framework.CglibAopProxy$CglibMethodInvocation.proceed(CglibAopProxy.java:763)
	at org.springframework.transaction.interceptor.TransactionInterceptor$1.proceedWithInvocation(TransactionInterceptor.java:123)
	at org.springframework.transaction.interceptor.TransactionAspectSupport.invokeWithinTransaction(TransactionAspectSupport.java:388)
	at org.springframework.transaction.interceptor.TransactionInterceptor.invoke(TransactionInterceptor.java:119)
	at org.springframework.aop.framework.ReflectiveMethodInvocation.proceed(ReflectiveMethodInvocation.java:186)
	at org.springframework.aop.framework.CglibAopProxy$CglibMethodInvocation.proceed(CglibAopProxy.java:763)
	at org.springframework.aop.framework.CglibAopProxy$DynamicAdvisedInterceptor.intercept(CglibAopProxy.java:708)
	at com.jie.service.Impl.OrderServiceImpl$$EnhancerBySpringCGLIB$$ce8fbdde.addOrderAndDelTemporary(<generated>)
	at com.jie.controller.OrderController.addOrderAndDelTemporary(OrderController.java:38)
	at java.base/jdk.internal.reflect.NativeMethodAccessorImpl.invoke0(Native Method)
	at java.base/jdk.internal.reflect.NativeMethodAccessorImpl.invoke(NativeMethodAccessorImpl.java:62)
	at java.base/jdk.internal.reflect.DelegatingMethodAccessorImpl.invoke(DelegatingMethodAccessorImpl.java:43)
	at java.base/java.lang.reflect.Method.invoke(Method.java:566)
	at org.springframework.web.method.support.InvocableHandlerMethod.doInvoke(InvocableHandlerMethod.java:205)
	at org.springframework.web.method.support.InvocableHandlerMethod.invokeForRequest(InvocableHandlerMethod.java:150)
	at org.springframework.web.servlet.mvc.method.annotation.ServletInvocableHandlerMethod.invokeAndHandle(ServletInvocableHandlerMethod.java:117)
	at org.springframework.web.servlet.mvc.method.annotation.RequestMappingHandlerAdapter.invokeHandlerMethod(RequestMappingHandlerAdapter.java:895)
	at org.springframework.web.servlet.mvc.method.annotation.RequestMappingHandlerAdapter.handleInternal(RequestMappingHandlerAdapter.java:808)
	at org.springframework.web.servlet.mvc.method.AbstractHandlerMethodAdapter.handle(AbstractHandlerMethodAdapter.java:87)
	at org.springframework.web.servlet.DispatcherServlet.doDispatch(DispatcherServlet.java:1071)
	at org.springframework.web.servlet.DispatcherServlet.doService(DispatcherServlet.java:964)
	at org.springframework.web.servlet.FrameworkServlet.processRequest(FrameworkServlet.java:1006)
	at org.springframework.web.servlet.FrameworkServlet.doGet(FrameworkServlet.java:898)
	at javax.servlet.http.HttpServlet.service(HttpServlet.java:670)
	at org.springframework.web.servlet.FrameworkServlet.service(FrameworkServlet.java:883)
	at javax.servlet.http.HttpServlet.service(HttpServlet.java:779)
	at org.apache.catalina.core.ApplicationFilterChain.internalDoFilter(ApplicationFilterChain.java:227)
	at org.apache.catalina.core.ApplicationFilterChain.doFilter(ApplicationFilterChain.java:162)
	at org.apache.tomcat.websocket.server.WsFilter.doFilter(WsFilter.java:53)
	at org.apache.catalina.core.ApplicationFilterChain.internalDoFilter(ApplicationFilterChain.java:189)
	at org.apache.catalina.core.ApplicationFilterChain.doFilter(ApplicationFilterChain.java:162)
	at org.springframework.web.filter.RequestContextFilter.doFilterInternal(RequestContextFilter.java:100)
	at org.springframework.web.filter.OncePerRequestFilter.doFilter(OncePerRequestFilter.java:117)
	at org.apache.catalina.core.ApplicationFilterChain.internalDoFilter(ApplicationFilterChain.java:189)
	at org.apache.catalina.core.ApplicationFilterChain.doFilter(ApplicationFilterChain.java:162)
	at org.springframework.web.filter.FormContentFilter.doFilterInternal(FormContentFilter.java:93)
	at org.springframework.web.filter.OncePerRequestFilter.doFilter(OncePerRequestFilter.java:117)
	at org.apache.catalina.core.ApplicationFilterChain.internalDoFilter(ApplicationFilterChain.java:189)
	at org.apache.catalina.core.ApplicationFilterChain.doFilter(ApplicationFilterChain.java:162)
	at org.springframework.web.filter.CharacterEncodingFilter.doFilterInternal(CharacterEncodingFilter.java:201)
	at org.springframework.web.filter.OncePerRequestFilter.doFilter(OncePerRequestFilter.java:117)
	at org.apache.catalina.core.ApplicationFilterChain.internalDoFilter(ApplicationFilterChain.java:189)
	at org.apache.catalina.core.ApplicationFilterChain.doFilter(ApplicationFilterChain.java:162)
	at org.apache.catalina.core.StandardWrapperValve.invoke(StandardWrapperValve.java:197)
	at org.apache.catalina.core.StandardContextValve.invoke(StandardContextValve.java:97)
	at org.apache.catalina.authenticator.AuthenticatorBase.invoke(AuthenticatorBase.java:541)
	at org.apache.catalina.core.StandardHostValve.invoke(StandardHostValve.java:135)
	at org.apache.catalina.valves.ErrorReportValve.invoke(ErrorReportValve.java:92)
	at org.apache.catalina.core.StandardEngineValve.invoke(StandardEngineValve.java:78)
	at org.apache.catalina.connector.CoyoteAdapter.service(CoyoteAdapter.java:360)
	at org.apache.coyote.http11.Http11Processor.service(Http11Processor.java:399)
	at org.apache.coyote.AbstractProcessorLight.process(AbstractProcessorLight.java:65)
	at org.apache.coyote.AbstractProtocol$ConnectionHandler.process(AbstractProtocol.java:893)
	at org.apache.tomcat.util.net.NioEndpoint$SocketProcessor.doRun(NioEndpoint.java:1789)
	at org.apache.tomcat.util.net.SocketProcessorBase.run(SocketProcessorBase.java:49)
	at org.apache.tomcat.util.threads.ThreadPoolExecutor.runWorker(ThreadPoolExecutor.java:1191)
	at org.apache.tomcat.util.threads.ThreadPoolExecutor$Worker.run(ThreadPoolExecutor.java:659)
	at org.apache.tomcat.util.threads.TaskThread$WrappingRunnable.run(TaskThread.java:61)
	at java.base/java.lang.Thread.run(Thread.java:834)

[2m2023-05-31 11:24:25.963[0;39m [31mERROR[0;39m [35m18636[0;39m [2m---[0;39m [2m[nio-8081-exec-8][0;39m [36mo.a.c.c.C.[.[.[/].[dispatcherServlet]   [0;39m [2m:[0;39m Servlet.service() for servlet [dispatcherServlet] in context with path [] threw exception [Request processing failed; nested exception is org.springframework.amqp.support.converter.MessageConversionException: failed to convert to serialized Message content] with root cause

java.io.NotSerializableException: com.jie.pojo.Order
	at java.base/java.io.ObjectOutputStream.writeObject0(ObjectOutputStream.java:1185)
	at java.base/java.io.ObjectOutputStream.writeObject(ObjectOutputStream.java:349)
	at java.base/java.util.HashMap.internalWriteEntries(HashMap.java:1857)
	at java.base/java.util.HashMap.writeObject(HashMap.java:1412)
	at java.base/jdk.internal.reflect.NativeMethodAccessorImpl.invoke0(Native Method)
	at java.base/jdk.internal.reflect.NativeMethodAccessorImpl.invoke(NativeMethodAccessorImpl.java:62)
	at java.base/jdk.internal.reflect.DelegatingMethodAccessorImpl.invoke(DelegatingMethodAccessorImpl.java:43)
	at java.base/java.lang.reflect.Method.invoke(Method.java:566)
	at java.base/java.io.ObjectStreamClass.invokeWriteObject(ObjectStreamClass.java:1145)
	at java.base/java.io.ObjectOutputStream.writeSerialData(ObjectOutputStream.java:1497)
	at java.base/java.io.ObjectOutputStream.writeOrdinaryObject(ObjectOutputStream.java:1433)
	at java.base/java.io.ObjectOutputStream.writeObject0(ObjectOutputStream.java:1179)
	at java.base/java.io.ObjectOutputStream.writeObject(ObjectOutputStream.java:349)
	at org.springframework.amqp.utils.SerializationUtils.serialize(SerializationUtils.java:56)
	at org.springframework.amqp.support.converter.SimpleMessageConverter.createMessage(SimpleMessageConverter.java:151)
	at org.springframework.amqp.support.converter.AbstractMessageConverter.createMessage(AbstractMessageConverter.java:88)
	at org.springframework.amqp.support.converter.AbstractMessageConverter.toMessage(AbstractMessageConverter.java:70)
	at org.springframework.amqp.support.converter.AbstractMessageConverter.toMessage(AbstractMessageConverter.java:58)
	at org.springframework.amqp.rabbit.core.RabbitTemplate.convertMessageIfNecessary(RabbitTemplate.java:1831)
	at org.springframework.amqp.rabbit.core.RabbitTemplate.convertAndSend(RabbitTemplate.java:1137)
	at org.springframework.amqp.rabbit.core.RabbitTemplate.convertAndSend(RabbitTemplate.java:1130)
	at com.jie.service.Impl.RabbitService.sendDirectMessageTicket(RabbitService.java:27)
	at com.jie.service.Impl.OrderServiceImpl.addOrderAndDelTemporary(OrderServiceImpl.java:93)
	at com.jie.service.Impl.OrderServiceImpl$$FastClassBySpringCGLIB$$1cae23c7.invoke(<generated>)
	at org.springframework.cglib.proxy.MethodProxy.invoke(MethodProxy.java:218)
	at org.springframework.aop.framework.CglibAopProxy$CglibMethodInvocation.invokeJoinpoint(CglibAopProxy.java:793)
	at org.springframework.aop.framework.ReflectiveMethodInvocation.proceed(ReflectiveMethodInvocation.java:163)
	at org.springframework.aop.framework.CglibAopProxy$CglibMethodInvocation.proceed(CglibAopProxy.java:763)
	at org.springframework.transaction.interceptor.TransactionInterceptor$1.proceedWithInvocation(TransactionInterceptor.java:123)
	at org.springframework.transaction.interceptor.TransactionAspectSupport.invokeWithinTransaction(TransactionAspectSupport.java:388)
	at org.springframework.transaction.interceptor.TransactionInterceptor.invoke(TransactionInterceptor.java:119)
	at org.springframework.aop.framework.ReflectiveMethodInvocation.proceed(ReflectiveMethodInvocation.java:186)
	at org.springframework.aop.framework.CglibAopProxy$CglibMethodInvocation.proceed(CglibAopProxy.java:763)
	at org.springframework.aop.framework.CglibAopProxy$DynamicAdvisedInterceptor.intercept(CglibAopProxy.java:708)
	at com.jie.service.Impl.OrderServiceImpl$$EnhancerBySpringCGLIB$$22f04024.addOrderAndDelTemporary(<generated>)
	at com.jie.controller.OrderController.addOrderAndDelTemporary(OrderController.java:38)
	at java.base/jdk.internal.reflect.NativeMethodAccessorImpl.invoke0(Native Method)
	at java.base/jdk.internal.reflect.NativeMethodAccessorImpl.invoke(NativeMethodAccessorImpl.java:62)
	at java.base/jdk.internal.reflect.DelegatingMethodAccessorImpl.invoke(DelegatingMethodAccessorImpl.java:43)
	at java.base/java.lang.reflect.Method.invoke(Method.java:566)
	at org.springframework.web.method.support.InvocableHandlerMethod.doInvoke(InvocableHandlerMethod.java:205)
	at org.springframework.web.method.support.InvocableHandlerMethod.invokeForRequest(InvocableHandlerMethod.java:150)
	at org.springframework.web.servlet.mvc.method.annotation.ServletInvocableHandlerMethod.invokeAndHandle(ServletInvocableHandlerMethod.java:117)
	at org.springframework.web.servlet.mvc.method.annotation.RequestMappingHandlerAdapter.invokeHandlerMethod(RequestMappingHandlerAdapter.java:895)
	at org.springframework.web.servlet.mvc.method.annotation.RequestMappingHandlerAdapter.handleInternal(RequestMappingHandlerAdapter.java:808)
	at org.springframework.web.servlet.mvc.method.AbstractHandlerMethodAdapter.handle(AbstractHandlerMethodAdapter.java:87)
	at org.springframework.web.servlet.DispatcherServlet.doDispatch(DispatcherServlet.java:1071)
	at org.springframework.web.servlet.DispatcherServlet.doService(DispatcherServlet.java:964)
	at org.springframework.web.servlet.FrameworkServlet.processRequest(FrameworkServlet.java:1006)
	at org.springframework.web.servlet.FrameworkServlet.doGet(FrameworkServlet.java:898)
	at javax.servlet.http.HttpServlet.service(HttpServlet.java:670)
	at org.springframework.web.servlet.FrameworkServlet.service(FrameworkServlet.java:883)
	at javax.servlet.http.HttpServlet.service(HttpServlet.java:779)
	at org.apache.catalina.core.ApplicationFilterChain.internalDoFilter(ApplicationFilterChain.java:227)
	at org.apache.catalina.core.ApplicationFilterChain.doFilter(ApplicationFilterChain.java:162)
	at org.apache.tomcat.websocket.server.WsFilter.doFilter(WsFilter.java:53)
	at org.apache.catalina.core.ApplicationFilterChain.internalDoFilter(ApplicationFilterChain.java:189)
	at org.apache.catalina.core.ApplicationFilterChain.doFilter(ApplicationFilterChain.java:162)
	at org.springframework.web.filter.RequestContextFilter.doFilterInternal(RequestContextFilter.java:100)
	at org.springframework.web.filter.OncePerRequestFilter.doFilter(OncePerRequestFilter.java:117)
	at org.apache.catalina.core.ApplicationFilterChain.internalDoFilter(ApplicationFilterChain.java:189)
	at org.apache.catalina.core.ApplicationFilterChain.doFilter(ApplicationFilterChain.java:162)
	at org.springframework.web.filter.FormContentFilter.doFilterInternal(FormContentFilter.java:93)
	at org.springframework.web.filter.OncePerRequestFilter.doFilter(OncePerRequestFilter.java:117)
	at org.apache.catalina.core.ApplicationFilterChain.internalDoFilter(ApplicationFilterChain.java:189)
	at org.apache.catalina.core.ApplicationFilterChain.doFilter(ApplicationFilterChain.java:162)
	at org.springframework.web.filter.CharacterEncodingFilter.doFilterInternal(CharacterEncodingFilter.java:201)
	at org.springframework.web.filter.OncePerRequestFilter.doFilter(OncePerRequestFilter.java:117)
	at org.apache.catalina.core.ApplicationFilterChain.internalDoFilter(ApplicationFilterChain.java:189)
	at org.apache.catalina.core.ApplicationFilterChain.doFilter(ApplicationFilterChain.java:162)
	at org.apache.catalina.core.StandardWrapperValve.invoke(StandardWrapperValve.java:197)
	at org.apache.catalina.core.StandardContextValve.invoke(StandardContextValve.java:97)
	at org.apache.catalina.authenticator.AuthenticatorBase.invoke(AuthenticatorBase.java:541)
	at org.apache.catalina.core.StandardHostValve.invoke(StandardHostValve.java:135)
	at org.apache.catalina.valves.ErrorReportValve.invoke(ErrorReportValve.java:92)
	at org.apache.catalina.core.StandardEngineValve.invoke(StandardEngineValve.java:78)
	at org.apache.catalina.connector.CoyoteAdapter.service(CoyoteAdapter.java:360)
	at org.apache.coyote.http11.Http11Processor.service(Http11Processor.java:399)
	at org.apache.coyote.AbstractProcessorLight.process(AbstractProcessorLight.java:65)
	at org.apache.coyote.AbstractProtocol$ConnectionHandler.process(AbstractProtocol.java:893)
	at org.apache.tomcat.util.net.NioEndpoint$SocketProcessor.doRun(NioEndpoint.java:1789)
	at org.apache.tomcat.util.net.SocketProcessorBase.run(SocketProcessorBase.java:49)
	at org.apache.tomcat.util.threads.ThreadPoolExecutor.runWorker(ThreadPoolExecutor.java:1191)
	at org.apache.tomcat.util.threads.ThreadPoolExecutor$Worker.run(ThreadPoolExecutor.java:659)
	at org.apache.tomcat.util.threads.TaskThread$WrappingRunnable.run(TaskThread.java:61)
	at java.base/java.lang.Thread.run(Thread.java:834)

[2m2023-05-31 11:27:29.742[0;39m [31mERROR[0;39m [35m1168[0;39m [2m---[0;39m [2m[nio-8081-exec-8][0;39m [36mo.a.c.c.C.[.[.[/].[dispatcherServlet]   [0;39m [2m:[0;39m Servlet.service() for servlet [dispatcherServlet] in context with path [] threw exception [Request processing failed; nested exception is org.springframework.amqp.support.converter.MessageConversionException: failed to convert to serialized Message content] with root cause

java.io.NotSerializableException: com.jie.pojo.Order
	at java.base/java.io.ObjectOutputStream.writeObject0(ObjectOutputStream.java:1185)
	at java.base/java.io.ObjectOutputStream.writeObject(ObjectOutputStream.java:349)
	at java.base/java.util.HashMap.internalWriteEntries(HashMap.java:1857)
	at java.base/java.util.HashMap.writeObject(HashMap.java:1412)
	at java.base/jdk.internal.reflect.NativeMethodAccessorImpl.invoke0(Native Method)
	at java.base/jdk.internal.reflect.NativeMethodAccessorImpl.invoke(NativeMethodAccessorImpl.java:62)
	at java.base/jdk.internal.reflect.DelegatingMethodAccessorImpl.invoke(DelegatingMethodAccessorImpl.java:43)
	at java.base/java.lang.reflect.Method.invoke(Method.java:566)
	at java.base/java.io.ObjectStreamClass.invokeWriteObject(ObjectStreamClass.java:1145)
	at java.base/java.io.ObjectOutputStream.writeSerialData(ObjectOutputStream.java:1497)
	at java.base/java.io.ObjectOutputStream.writeOrdinaryObject(ObjectOutputStream.java:1433)
	at java.base/java.io.ObjectOutputStream.writeObject0(ObjectOutputStream.java:1179)
	at java.base/java.io.ObjectOutputStream.writeObject(ObjectOutputStream.java:349)
	at org.springframework.amqp.utils.SerializationUtils.serialize(SerializationUtils.java:56)
	at org.springframework.amqp.support.converter.SimpleMessageConverter.createMessage(SimpleMessageConverter.java:151)
	at org.springframework.amqp.support.converter.AbstractMessageConverter.createMessage(AbstractMessageConverter.java:88)
	at org.springframework.amqp.support.converter.AbstractMessageConverter.toMessage(AbstractMessageConverter.java:70)
	at org.springframework.amqp.support.converter.AbstractMessageConverter.toMessage(AbstractMessageConverter.java:58)
	at org.springframework.amqp.rabbit.core.RabbitTemplate.convertMessageIfNecessary(RabbitTemplate.java:1831)
	at org.springframework.amqp.rabbit.core.RabbitTemplate.convertAndSend(RabbitTemplate.java:1137)
	at org.springframework.amqp.rabbit.core.RabbitTemplate.convertAndSend(RabbitTemplate.java:1130)
	at com.jie.service.Impl.RabbitService.sendDirectMessageTicket(RabbitService.java:27)
	at com.jie.service.Impl.OrderServiceImpl.addOrderAndDelTemporary(OrderServiceImpl.java:93)
	at com.jie.service.Impl.OrderServiceImpl$$FastClassBySpringCGLIB$$1cae23c7.invoke(<generated>)
	at org.springframework.cglib.proxy.MethodProxy.invoke(MethodProxy.java:218)
	at org.springframework.aop.framework.CglibAopProxy$CglibMethodInvocation.invokeJoinpoint(CglibAopProxy.java:793)
	at org.springframework.aop.framework.ReflectiveMethodInvocation.proceed(ReflectiveMethodInvocation.java:163)
	at org.springframework.aop.framework.CglibAopProxy$CglibMethodInvocation.proceed(CglibAopProxy.java:763)
	at org.springframework.transaction.interceptor.TransactionInterceptor$1.proceedWithInvocation(TransactionInterceptor.java:123)
	at org.springframework.transaction.interceptor.TransactionAspectSupport.invokeWithinTransaction(TransactionAspectSupport.java:388)
	at org.springframework.transaction.interceptor.TransactionInterceptor.invoke(TransactionInterceptor.java:119)
	at org.springframework.aop.framework.ReflectiveMethodInvocation.proceed(ReflectiveMethodInvocation.java:186)
	at org.springframework.aop.framework.CglibAopProxy$CglibMethodInvocation.proceed(CglibAopProxy.java:763)
	at org.springframework.aop.framework.CglibAopProxy$DynamicAdvisedInterceptor.intercept(CglibAopProxy.java:708)
	at com.jie.service.Impl.OrderServiceImpl$$EnhancerBySpringCGLIB$$53b4578a.addOrderAndDelTemporary(<generated>)
	at com.jie.controller.OrderController.addOrderAndDelTemporary(OrderController.java:38)
	at java.base/jdk.internal.reflect.NativeMethodAccessorImpl.invoke0(Native Method)
	at java.base/jdk.internal.reflect.NativeMethodAccessorImpl.invoke(NativeMethodAccessorImpl.java:62)
	at java.base/jdk.internal.reflect.DelegatingMethodAccessorImpl.invoke(DelegatingMethodAccessorImpl.java:43)
	at java.base/java.lang.reflect.Method.invoke(Method.java:566)
	at org.springframework.web.method.support.InvocableHandlerMethod.doInvoke(InvocableHandlerMethod.java:205)
	at org.springframework.web.method.support.InvocableHandlerMethod.invokeForRequest(InvocableHandlerMethod.java:150)
	at org.springframework.web.servlet.mvc.method.annotation.ServletInvocableHandlerMethod.invokeAndHandle(ServletInvocableHandlerMethod.java:117)
	at org.springframework.web.servlet.mvc.method.annotation.RequestMappingHandlerAdapter.invokeHandlerMethod(RequestMappingHandlerAdapter.java:895)
	at org.springframework.web.servlet.mvc.method.annotation.RequestMappingHandlerAdapter.handleInternal(RequestMappingHandlerAdapter.java:808)
	at org.springframework.web.servlet.mvc.method.AbstractHandlerMethodAdapter.handle(AbstractHandlerMethodAdapter.java:87)
	at org.springframework.web.servlet.DispatcherServlet.doDispatch(DispatcherServlet.java:1071)
	at org.springframework.web.servlet.DispatcherServlet.doService(DispatcherServlet.java:964)
	at org.springframework.web.servlet.FrameworkServlet.processRequest(FrameworkServlet.java:1006)
	at org.springframework.web.servlet.FrameworkServlet.doGet(FrameworkServlet.java:898)
	at javax.servlet.http.HttpServlet.service(HttpServlet.java:670)
	at org.springframework.web.servlet.FrameworkServlet.service(FrameworkServlet.java:883)
	at javax.servlet.http.HttpServlet.service(HttpServlet.java:779)
	at org.apache.catalina.core.ApplicationFilterChain.internalDoFilter(ApplicationFilterChain.java:227)
	at org.apache.catalina.core.ApplicationFilterChain.doFilter(ApplicationFilterChain.java:162)
	at org.apache.tomcat.websocket.server.WsFilter.doFilter(WsFilter.java:53)
	at org.apache.catalina.core.ApplicationFilterChain.internalDoFilter(ApplicationFilterChain.java:189)
	at org.apache.catalina.core.ApplicationFilterChain.doFilter(ApplicationFilterChain.java:162)
	at org.springframework.web.filter.RequestContextFilter.doFilterInternal(RequestContextFilter.java:100)
	at org.springframework.web.filter.OncePerRequestFilter.doFilter(OncePerRequestFilter.java:117)
	at org.apache.catalina.core.ApplicationFilterChain.internalDoFilter(ApplicationFilterChain.java:189)
	at org.apache.catalina.core.ApplicationFilterChain.doFilter(ApplicationFilterChain.java:162)
	at org.springframework.web.filter.FormContentFilter.doFilterInternal(FormContentFilter.java:93)
	at org.springframework.web.filter.OncePerRequestFilter.doFilter(OncePerRequestFilter.java:117)
	at org.apache.catalina.core.ApplicationFilterChain.internalDoFilter(ApplicationFilterChain.java:189)
	at org.apache.catalina.core.ApplicationFilterChain.doFilter(ApplicationFilterChain.java:162)
	at org.springframework.web.filter.CharacterEncodingFilter.doFilterInternal(CharacterEncodingFilter.java:201)
	at org.springframework.web.filter.OncePerRequestFilter.doFilter(OncePerRequestFilter.java:117)
	at org.apache.catalina.core.ApplicationFilterChain.internalDoFilter(ApplicationFilterChain.java:189)
	at org.apache.catalina.core.ApplicationFilterChain.doFilter(ApplicationFilterChain.java:162)
	at org.apache.catalina.core.StandardWrapperValve.invoke(StandardWrapperValve.java:197)
	at org.apache.catalina.core.StandardContextValve.invoke(StandardContextValve.java:97)
	at org.apache.catalina.authenticator.AuthenticatorBase.invoke(AuthenticatorBase.java:541)
	at org.apache.catalina.core.StandardHostValve.invoke(StandardHostValve.java:135)
	at org.apache.catalina.valves.ErrorReportValve.invoke(ErrorReportValve.java:92)
	at org.apache.catalina.core.StandardEngineValve.invoke(StandardEngineValve.java:78)
	at org.apache.catalina.connector.CoyoteAdapter.service(CoyoteAdapter.java:360)
	at org.apache.coyote.http11.Http11Processor.service(Http11Processor.java:399)
	at org.apache.coyote.AbstractProcessorLight.process(AbstractProcessorLight.java:65)
	at org.apache.coyote.AbstractProtocol$ConnectionHandler.process(AbstractProtocol.java:893)
	at org.apache.tomcat.util.net.NioEndpoint$SocketProcessor.doRun(NioEndpoint.java:1789)
	at org.apache.tomcat.util.net.SocketProcessorBase.run(SocketProcessorBase.java:49)
	at org.apache.tomcat.util.threads.ThreadPoolExecutor.runWorker(ThreadPoolExecutor.java:1191)
	at org.apache.tomcat.util.threads.ThreadPoolExecutor$Worker.run(ThreadPoolExecutor.java:659)
	at org.apache.tomcat.util.threads.TaskThread$WrappingRunnable.run(TaskThread.java:61)
	at java.base/java.lang.Thread.run(Thread.java:834)

[2m2023-05-31 15:06:46.384[0;39m [31mERROR[0;39m [35m12856[0;39m [2m---[0;39m [2m[nio-8081-exec-2][0;39m [36mo.a.c.c.C.[.[.[/].[dispatcherServlet]   [0;39m [2m:[0;39m Servlet.service() for servlet [dispatcherServlet] in context with path [] threw exception [Request processing failed; nested exception is java.lang.NullPointerException] with root cause

java.lang.NullPointerException: null
	at com.jie.service.Impl.OrderServiceImpl.addOrderTemporary(OrderServiceImpl.java:68)
	at com.jie.service.Impl.OrderServiceImpl$$FastClassBySpringCGLIB$$1cae23c7.invoke(<generated>)
	at org.springframework.cglib.proxy.MethodProxy.invoke(MethodProxy.java:218)
	at org.springframework.aop.framework.CglibAopProxy$CglibMethodInvocation.invokeJoinpoint(CglibAopProxy.java:793)
	at org.springframework.aop.framework.ReflectiveMethodInvocation.proceed(ReflectiveMethodInvocation.java:163)
	at org.springframework.aop.framework.CglibAopProxy$CglibMethodInvocation.proceed(CglibAopProxy.java:763)
	at org.springframework.transaction.interceptor.TransactionInterceptor$1.proceedWithInvocation(TransactionInterceptor.java:123)
	at org.springframework.transaction.interceptor.TransactionAspectSupport.invokeWithinTransaction(TransactionAspectSupport.java:388)
	at org.springframework.transaction.interceptor.TransactionInterceptor.invoke(TransactionInterceptor.java:119)
	at org.springframework.aop.framework.ReflectiveMethodInvocation.proceed(ReflectiveMethodInvocation.java:186)
	at org.springframework.aop.framework.CglibAopProxy$CglibMethodInvocation.proceed(CglibAopProxy.java:763)
	at org.springframework.aop.framework.CglibAopProxy$DynamicAdvisedInterceptor.intercept(CglibAopProxy.java:708)
	at com.jie.service.Impl.OrderServiceImpl$$EnhancerBySpringCGLIB$$ce8fbdde.addOrderTemporary(<generated>)
	at com.jie.controller.OrderController.temporary(OrderController.java:23)
	at java.base/jdk.internal.reflect.NativeMethodAccessorImpl.invoke0(Native Method)
	at java.base/jdk.internal.reflect.NativeMethodAccessorImpl.invoke(NativeMethodAccessorImpl.java:62)
	at java.base/jdk.internal.reflect.DelegatingMethodAccessorImpl.invoke(DelegatingMethodAccessorImpl.java:43)
	at java.base/java.lang.reflect.Method.invoke(Method.java:566)
	at org.springframework.web.method.support.InvocableHandlerMethod.doInvoke(InvocableHandlerMethod.java:205)
	at org.springframework.web.method.support.InvocableHandlerMethod.invokeForRequest(InvocableHandlerMethod.java:150)
	at org.springframework.web.servlet.mvc.method.annotation.ServletInvocableHandlerMethod.invokeAndHandle(ServletInvocableHandlerMethod.java:117)
	at org.springframework.web.servlet.mvc.method.annotation.RequestMappingHandlerAdapter.invokeHandlerMethod(RequestMappingHandlerAdapter.java:895)
	at org.springframework.web.servlet.mvc.method.annotation.RequestMappingHandlerAdapter.handleInternal(RequestMappingHandlerAdapter.java:808)
	at org.springframework.web.servlet.mvc.method.AbstractHandlerMethodAdapter.handle(AbstractHandlerMethodAdapter.java:87)
	at org.springframework.web.servlet.DispatcherServlet.doDispatch(DispatcherServlet.java:1071)
	at org.springframework.web.servlet.DispatcherServlet.doService(DispatcherServlet.java:964)
	at org.springframework.web.servlet.FrameworkServlet.processRequest(FrameworkServlet.java:1006)
	at org.springframework.web.servlet.FrameworkServlet.doGet(FrameworkServlet.java:898)
	at javax.servlet.http.HttpServlet.service(HttpServlet.java:670)
	at org.springframework.web.servlet.FrameworkServlet.service(FrameworkServlet.java:883)
	at javax.servlet.http.HttpServlet.service(HttpServlet.java:779)
	at org.apache.catalina.core.ApplicationFilterChain.internalDoFilter(ApplicationFilterChain.java:227)
	at org.apache.catalina.core.ApplicationFilterChain.doFilter(ApplicationFilterChain.java:162)
	at org.apache.tomcat.websocket.server.WsFilter.doFilter(WsFilter.java:53)
	at org.apache.catalina.core.ApplicationFilterChain.internalDoFilter(ApplicationFilterChain.java:189)
	at org.apache.catalina.core.ApplicationFilterChain.doFilter(ApplicationFilterChain.java:162)
	at org.springframework.web.filter.RequestContextFilter.doFilterInternal(RequestContextFilter.java:100)
	at org.springframework.web.filter.OncePerRequestFilter.doFilter(OncePerRequestFilter.java:117)
	at org.apache.catalina.core.ApplicationFilterChain.internalDoFilter(ApplicationFilterChain.java:189)
	at org.apache.catalina.core.ApplicationFilterChain.doFilter(ApplicationFilterChain.java:162)
	at org.springframework.web.filter.FormContentFilter.doFilterInternal(FormContentFilter.java:93)
	at org.springframework.web.filter.OncePerRequestFilter.doFilter(OncePerRequestFilter.java:117)
	at org.apache.catalina.core.ApplicationFilterChain.internalDoFilter(ApplicationFilterChain.java:189)
	at org.apache.catalina.core.ApplicationFilterChain.doFilter(ApplicationFilterChain.java:162)
	at org.springframework.web.filter.CharacterEncodingFilter.doFilterInternal(CharacterEncodingFilter.java:201)
	at org.springframework.web.filter.OncePerRequestFilter.doFilter(OncePerRequestFilter.java:117)
	at org.apache.catalina.core.ApplicationFilterChain.internalDoFilter(ApplicationFilterChain.java:189)
	at org.apache.catalina.core.ApplicationFilterChain.doFilter(ApplicationFilterChain.java:162)
	at org.apache.catalina.core.StandardWrapperValve.invoke(StandardWrapperValve.java:197)
	at org.apache.catalina.core.StandardContextValve.invoke(StandardContextValve.java:97)
	at org.apache.catalina.authenticator.AuthenticatorBase.invoke(AuthenticatorBase.java:541)
	at org.apache.catalina.core.StandardHostValve.invoke(StandardHostValve.java:135)
	at org.apache.catalina.valves.ErrorReportValve.invoke(ErrorReportValve.java:92)
	at org.apache.catalina.core.StandardEngineValve.invoke(StandardEngineValve.java:78)
	at org.apache.catalina.connector.CoyoteAdapter.service(CoyoteAdapter.java:360)
	at org.apache.coyote.http11.Http11Processor.service(Http11Processor.java:399)
	at org.apache.coyote.AbstractProcessorLight.process(AbstractProcessorLight.java:65)
	at org.apache.coyote.AbstractProtocol$ConnectionHandler.process(AbstractProtocol.java:893)
	at org.apache.tomcat.util.net.NioEndpoint$SocketProcessor.doRun(NioEndpoint.java:1789)
	at org.apache.tomcat.util.net.SocketProcessorBase.run(SocketProcessorBase.java:49)
	at org.apache.tomcat.util.threads.ThreadPoolExecutor.runWorker(ThreadPoolExecutor.java:1191)
	at org.apache.tomcat.util.threads.ThreadPoolExecutor$Worker.run(ThreadPoolExecutor.java:659)
	at org.apache.tomcat.util.threads.TaskThread$WrappingRunnable.run(TaskThread.java:61)
	at java.base/java.lang.Thread.run(Thread.java:834)

[2m2023-05-31 22:43:41.454[0;39m [31mERROR[0;39m [35m21152[0;39m [2m---[0;39m [2m[ 127.0.0.1:5672][0;39m [36mo.s.a.r.c.CachingConnectionFactory      [0;39m [2m:[0;39m Shutdown Signal: channel error; protocol method: #method<channel.close>(reply-code=406, reply-text=PRECONDITION_FAILED - inequivalent arg 'x-message-ttl' for queue 'cancelOrderQueue' in vhost '/': received the value '10000' of type 'signedint' but current is none, class-id=50, method-id=10)
[2m2023-05-31 22:43:42.466[0;39m [31mERROR[0;39m [35m21152[0;39m [2m---[0;39m [2m[ 127.0.0.1:5672][0;39m [36mo.s.a.r.c.CachingConnectionFactory      [0;39m [2m:[0;39m Shutdown Signal: channel error; protocol method: #method<channel.close>(reply-code=406, reply-text=PRECONDITION_FAILED - inequivalent arg 'x-message-ttl' for queue 'cancelOrderQueue' in vhost '/': received the value '10000' of type 'signedint' but current is none, class-id=50, method-id=10)
[2m2023-05-31 22:43:44.486[0;39m [31mERROR[0;39m [35m21152[0;39m [2m---[0;39m [2m[ 127.0.0.1:5672][0;39m [36mo.s.a.r.c.CachingConnectionFactory      [0;39m [2m:[0;39m Shutdown Signal: channel error; protocol method: #method<channel.close>(reply-code=406, reply-text=PRECONDITION_FAILED - inequivalent arg 'x-message-ttl' for queue 'cancelOrderQueue' in vhost '/': received the value '10000' of type 'signedint' but current is none, class-id=50, method-id=10)
[2m2023-05-31 22:43:48.503[0;39m [31mERROR[0;39m [35m21152[0;39m [2m---[0;39m [2m[ 127.0.0.1:5672][0;39m [36mo.s.a.r.c.CachingConnectionFactory      [0;39m [2m:[0;39m Shutdown Signal: channel error; protocol method: #method<channel.close>(reply-code=406, reply-text=PRECONDITION_FAILED - inequivalent arg 'x-message-ttl' for queue 'cancelOrderQueue' in vhost '/': received the value '10000' of type 'signedint' but current is none, class-id=50, method-id=10)
[2m2023-05-31 22:43:53.512[0;39m [31mERROR[0;39m [35m21152[0;39m [2m---[0;39m [2m[ 127.0.0.1:5672][0;39m [36mo.s.a.r.c.CachingConnectionFactory      [0;39m [2m:[0;39m Shutdown Signal: channel error; protocol method: #method<channel.close>(reply-code=406, reply-text=PRECONDITION_FAILED - inequivalent arg 'x-message-ttl' for queue 'cancelOrderQueue' in vhost '/': received the value '10000' of type 'signedint' but current is none, class-id=50, method-id=10)
[2m2023-05-31 22:44:41.697[0;39m [31mERROR[0;39m [35m21348[0;39m [2m---[0;39m [2m[ 127.0.0.1:5672][0;39m [36mo.s.a.r.c.CachingConnectionFactory      [0;39m [2m:[0;39m Shutdown Signal: channel error; protocol method: #method<channel.close>(reply-code=406, reply-text=PRECONDITION_FAILED - inequivalent arg 'x-message-ttl' for queue 'cancelOrderQueue' in vhost '/': received the value '8000' of type 'signedint' but current is none, class-id=50, method-id=10)
[2m2023-05-31 22:44:42.719[0;39m [31mERROR[0;39m [35m21348[0;39m [2m---[0;39m [2m[ 127.0.0.1:5672][0;39m [36mo.s.a.r.c.CachingConnectionFactory      [0;39m [2m:[0;39m Shutdown Signal: channel error; protocol method: #method<channel.close>(reply-code=406, reply-text=PRECONDITION_FAILED - inequivalent arg 'x-message-ttl' for queue 'cancelOrderQueue' in vhost '/': received the value '8000' of type 'signedint' but current is none, class-id=50, method-id=10)
[2m2023-05-31 22:44:44.740[0;39m [31mERROR[0;39m [35m21348[0;39m [2m---[0;39m [2m[ 127.0.0.1:5672][0;39m [36mo.s.a.r.c.CachingConnectionFactory      [0;39m [2m:[0;39m Shutdown Signal: channel error; protocol method: #method<channel.close>(reply-code=406, reply-text=PRECONDITION_FAILED - inequivalent arg 'x-message-ttl' for queue 'cancelOrderQueue' in vhost '/': received the value '8000' of type 'signedint' but current is none, class-id=50, method-id=10)
[2m2023-05-31 22:44:48.750[0;39m [31mERROR[0;39m [35m21348[0;39m [2m---[0;39m [2m[ 127.0.0.1:5672][0;39m [36mo.s.a.r.c.CachingConnectionFactory      [0;39m [2m:[0;39m Shutdown Signal: channel error; protocol method: #method<channel.close>(reply-code=406, reply-text=PRECONDITION_FAILED - inequivalent arg 'x-message-ttl' for queue 'cancelOrderQueue' in vhost '/': received the value '8000' of type 'signedint' but current is none, class-id=50, method-id=10)
[2m2023-05-31 22:44:53.762[0;39m [31mERROR[0;39m [35m21348[0;39m [2m---[0;39m [2m[ 127.0.0.1:5672][0;39m [36mo.s.a.r.c.CachingConnectionFactory      [0;39m [2m:[0;39m Shutdown Signal: channel error; protocol method: #method<channel.close>(reply-code=406, reply-text=PRECONDITION_FAILED - inequivalent arg 'x-message-ttl' for queue 'cancelOrderQueue' in vhost '/': received the value '8000' of type 'signedint' but current is none, class-id=50, method-id=10)
[2m2023-05-31 23:37:00.989[0;39m [31mERROR[0;39m [35m5252[0;39m [2m---[0;39m [2m[ 127.0.0.1:5672][0;39m [36mo.s.a.r.c.CachingConnectionFactory      [0;39m [2m:[0;39m Shutdown Signal: channel error; protocol method: #method<channel.close>(reply-code=406, reply-text=PRECONDITION_FAILED - inequivalent arg 'x-message-ttl' for queue 'cancelOrderQueue' in vhost '/': received the value '8000' of type 'signedint' but current is none, class-id=50, method-id=10)
[2m2023-05-31 23:37:02.002[0;39m [31mERROR[0;39m [35m5252[0;39m [2m---[0;39m [2m[ 127.0.0.1:5672][0;39m [36mo.s.a.r.c.CachingConnectionFactory      [0;39m [2m:[0;39m Shutdown Signal: channel error; protocol method: #method<channel.close>(reply-code=406, reply-text=PRECONDITION_FAILED - inequivalent arg 'x-message-ttl' for queue 'cancelOrderQueue' in vhost '/': received the value '8000' of type 'signedint' but current is none, class-id=50, method-id=10)
[2m2023-05-31 23:37:04.018[0;39m [31mERROR[0;39m [35m5252[0;39m [2m---[0;39m [2m[ 127.0.0.1:5672][0;39m [36mo.s.a.r.c.CachingConnectionFactory      [0;39m [2m:[0;39m Shutdown Signal: channel error; protocol method: #method<channel.close>(reply-code=406, reply-text=PRECONDITION_FAILED - inequivalent arg 'x-message-ttl' for queue 'cancelOrderQueue' in vhost '/': received the value '8000' of type 'signedint' but current is none, class-id=50, method-id=10)
[2m2023-05-31 23:37:08.031[0;39m [31mERROR[0;39m [35m5252[0;39m [2m---[0;39m [2m[ 127.0.0.1:5672][0;39m [36mo.s.a.r.c.CachingConnectionFactory      [0;39m [2m:[0;39m Shutdown Signal: channel error; protocol method: #method<channel.close>(reply-code=406, reply-text=PRECONDITION_FAILED - inequivalent arg 'x-message-ttl' for queue 'cancelOrderQueue' in vhost '/': received the value '8000' of type 'signedint' but current is none, class-id=50, method-id=10)
[2m2023-05-31 23:37:13.040[0;39m [31mERROR[0;39m [35m5252[0;39m [2m---[0;39m [2m[ 127.0.0.1:5672][0;39m [36mo.s.a.r.c.CachingConnectionFactory      [0;39m [2m:[0;39m Shutdown Signal: channel error; protocol method: #method<channel.close>(reply-code=406, reply-text=PRECONDITION_FAILED - inequivalent arg 'x-message-ttl' for queue 'cancelOrderQueue' in vhost '/': received the value '8000' of type 'signedint' but current is none, class-id=50, method-id=10)
[2m2023-05-31 23:37:24.901[0;39m [31mERROR[0;39m [35m4828[0;39m [2m---[0;39m [2m[ 127.0.0.1:5672][0;39m [36mo.s.a.r.c.CachingConnectionFactory      [0;39m [2m:[0;39m Shutdown Signal: channel error; protocol method: #method<channel.close>(reply-code=406, reply-text=PRECONDITION_FAILED - inequivalent arg 'x-dead-letter-exchange' for queue 'cancelOrderQueue' in vhost '/': received the value 'deadExchange' of type 'longstr' but current is none, class-id=50, method-id=10)
[2m2023-05-31 23:37:25.915[0;39m [31mERROR[0;39m [35m4828[0;39m [2m---[0;39m [2m[ 127.0.0.1:5672][0;39m [36mo.s.a.r.c.CachingConnectionFactory      [0;39m [2m:[0;39m Shutdown Signal: channel error; protocol method: #method<channel.close>(reply-code=406, reply-text=PRECONDITION_FAILED - inequivalent arg 'x-dead-letter-exchange' for queue 'cancelOrderQueue' in vhost '/': received the value 'deadExchange' of type 'longstr' but current is none, class-id=50, method-id=10)
[2m2023-05-31 23:37:27.926[0;39m [31mERROR[0;39m [35m4828[0;39m [2m---[0;39m [2m[ 127.0.0.1:5672][0;39m [36mo.s.a.r.c.CachingConnectionFactory      [0;39m [2m:[0;39m Shutdown Signal: channel error; protocol method: #method<channel.close>(reply-code=406, reply-text=PRECONDITION_FAILED - inequivalent arg 'x-dead-letter-exchange' for queue 'cancelOrderQueue' in vhost '/': received the value 'deadExchange' of type 'longstr' but current is none, class-id=50, method-id=10)
[2m2023-05-31 23:37:31.944[0;39m [31mERROR[0;39m [35m4828[0;39m [2m---[0;39m [2m[ 127.0.0.1:5672][0;39m [36mo.s.a.r.c.CachingConnectionFactory      [0;39m [2m:[0;39m Shutdown Signal: channel error; protocol method: #method<channel.close>(reply-code=406, reply-text=PRECONDITION_FAILED - inequivalent arg 'x-dead-letter-exchange' for queue 'cancelOrderQueue' in vhost '/': received the value 'deadExchange' of type 'longstr' but current is none, class-id=50, method-id=10)
[2m2023-05-31 23:37:36.964[0;39m [31mERROR[0;39m [35m4828[0;39m [2m---[0;39m [2m[ 127.0.0.1:5672][0;39m [36mo.s.a.r.c.CachingConnectionFactory      [0;39m [2m:[0;39m Shutdown Signal: channel error; protocol method: #method<channel.close>(reply-code=406, reply-text=PRECONDITION_FAILED - inequivalent arg 'x-dead-letter-exchange' for queue 'cancelOrderQueue' in vhost '/': received the value 'deadExchange' of type 'longstr' but current is none, class-id=50, method-id=10)
[2m2023-05-31 23:37:51.220[0;39m [31mERROR[0;39m [35m20232[0;39m [2m---[0;39m [2m[ 127.0.0.1:5672][0;39m [36mo.s.a.r.c.CachingConnectionFactory      [0;39m [2m:[0;39m Shutdown Signal: channel error; protocol method: #method<channel.close>(reply-code=406, reply-text=PRECONDITION_FAILED - inequivalent arg 'x-dead-letter-routing-key' for queue 'cancelOrderQueue' in vhost '/': received the value 'DD' of type 'longstr' but current is none, class-id=50, method-id=10)
[2m2023-05-31 23:37:52.232[0;39m [31mERROR[0;39m [35m20232[0;39m [2m---[0;39m [2m[ 127.0.0.1:5672][0;39m [36mo.s.a.r.c.CachingConnectionFactory      [0;39m [2m:[0;39m Shutdown Signal: channel error; protocol method: #method<channel.close>(reply-code=406, reply-text=PRECONDITION_FAILED - inequivalent arg 'x-dead-letter-routing-key' for queue 'cancelOrderQueue' in vhost '/': received the value 'DD' of type 'longstr' but current is none, class-id=50, method-id=10)
[2m2023-05-31 23:37:54.241[0;39m [31mERROR[0;39m [35m20232[0;39m [2m---[0;39m [2m[ 127.0.0.1:5672][0;39m [36mo.s.a.r.c.CachingConnectionFactory      [0;39m [2m:[0;39m Shutdown Signal: channel error; protocol method: #method<channel.close>(reply-code=406, reply-text=PRECONDITION_FAILED - inequivalent arg 'x-dead-letter-routing-key' for queue 'cancelOrderQueue' in vhost '/': received the value 'DD' of type 'longstr' but current is none, class-id=50, method-id=10)
[2m2023-05-31 23:37:58.257[0;39m [31mERROR[0;39m [35m20232[0;39m [2m---[0;39m [2m[ 127.0.0.1:5672][0;39m [36mo.s.a.r.c.CachingConnectionFactory      [0;39m [2m:[0;39m Shutdown Signal: channel error; protocol method: #method<channel.close>(reply-code=406, reply-text=PRECONDITION_FAILED - inequivalent arg 'x-dead-letter-routing-key' for queue 'cancelOrderQueue' in vhost '/': received the value 'DD' of type 'longstr' but current is none, class-id=50, method-id=10)
[2m2023-05-31 23:38:03.280[0;39m [31mERROR[0;39m [35m20232[0;39m [2m---[0;39m [2m[ 127.0.0.1:5672][0;39m [36mo.s.a.r.c.CachingConnectionFactory      [0;39m [2m:[0;39m Shutdown Signal: channel error; protocol method: #method<channel.close>(reply-code=406, reply-text=PRECONDITION_FAILED - inequivalent arg 'x-dead-letter-routing-key' for queue 'cancelOrderQueue' in vhost '/': received the value 'DD' of type 'longstr' but current is none, class-id=50, method-id=10)
[2m2023-05-31 23:38:37.812[0;39m [31mERROR[0;39m [35m22112[0;39m [2m---[0;39m [2m[ 127.0.0.1:5672][0;39m [36mo.s.a.r.c.CachingConnectionFactory      [0;39m [2m:[0;39m Shutdown Signal: channel error; protocol method: #method<channel.close>(reply-code=406, reply-text=PRECONDITION_FAILED - inequivalent arg 'x-message-ttl' for queue 'cancelOrderQueue' in vhost '/': received the value '8000' of type 'signedint' but current is none, class-id=50, method-id=10)
[2m2023-05-31 23:38:38.835[0;39m [31mERROR[0;39m [35m22112[0;39m [2m---[0;39m [2m[ 127.0.0.1:5672][0;39m [36mo.s.a.r.c.CachingConnectionFactory      [0;39m [2m:[0;39m Shutdown Signal: channel error; protocol method: #method<channel.close>(reply-code=406, reply-text=PRECONDITION_FAILED - inequivalent arg 'x-message-ttl' for queue 'cancelOrderQueue' in vhost '/': received the value '8000' of type 'signedint' but current is none, class-id=50, method-id=10)
[2m2023-05-31 23:38:40.848[0;39m [31mERROR[0;39m [35m22112[0;39m [2m---[0;39m [2m[ 127.0.0.1:5672][0;39m [36mo.s.a.r.c.CachingConnectionFactory      [0;39m [2m:[0;39m Shutdown Signal: channel error; protocol method: #method<channel.close>(reply-code=406, reply-text=PRECONDITION_FAILED - inequivalent arg 'x-message-ttl' for queue 'cancelOrderQueue' in vhost '/': received the value '8000' of type 'signedint' but current is none, class-id=50, method-id=10)
[2m2023-05-31 23:38:44.871[0;39m [31mERROR[0;39m [35m22112[0;39m [2m---[0;39m [2m[ 127.0.0.1:5672][0;39m [36mo.s.a.r.c.CachingConnectionFactory      [0;39m [2m:[0;39m Shutdown Signal: channel error; protocol method: #method<channel.close>(reply-code=406, reply-text=PRECONDITION_FAILED - inequivalent arg 'x-message-ttl' for queue 'cancelOrderQueue' in vhost '/': received the value '8000' of type 'signedint' but current is none, class-id=50, method-id=10)
[2m2023-05-31 23:38:49.887[0;39m [31mERROR[0;39m [35m22112[0;39m [2m---[0;39m [2m[ 127.0.0.1:5672][0;39m [36mo.s.a.r.c.CachingConnectionFactory      [0;39m [2m:[0;39m Shutdown Signal: channel error; protocol method: #method<channel.close>(reply-code=406, reply-text=PRECONDITION_FAILED - inequivalent arg 'x-message-ttl' for queue 'cancelOrderQueue' in vhost '/': received the value '8000' of type 'signedint' but current is none, class-id=50, method-id=10)
[2m2023-05-31 23:42:40.200[0;39m [31mERROR[0;39m [35m22728[0;39m [2m---[0;39m [2m[ 127.0.0.1:5672][0;39m [36mo.s.a.r.c.CachingConnectionFactory      [0;39m [2m:[0;39m Shutdown Signal: channel error; protocol method: #method<channel.close>(reply-code=404, reply-text=NOT_FOUND - no exchange 'bindingDirectTicket2' in vhost '/', class-id=60, method-id=40)
